#
# A fatal error has been detected by the Java Runtime Environment:
#
#  EXCEPTION_ACCESS_VIOLATION (0xc0000005) at pc=0x0000000064502645, pid=760, tid=0x0000000000000310
#
# JRE version: OpenJDK Runtime Environment (8.0_152-b01) (build 1.8.0_152-release-915-b01)
# Java VM: OpenJDK 64-Bit Server VM (25.152-b01 mixed mode windows-amd64 compressed oops)
# Problematic frame:
# V  [jvm.dll+0x52645]
#
# Failed to write core dump. Minidumps are not enabled by default on client versions of Windows
#
# If you would like to submit a bug report, please visit:
#   http://bugreport.java.com/bugreport/crash.jsp
#

---------------  T H R E A D  ---------------

Current thread (0x0000000017635000):  VMThread [stack: 0x00000000186c0000,0x00000000187c0000] [id=784]

siginfo: ExceptionCode=0xc0000005, reading address 0xffffffffffffffff

Registers:
RAX=0x0000000000000000, RBX=0x000000001f075fd0, RCX=0x000000000000003e, RDX=0x0000000000000009
RSP=0x00000000187bed50, RBP=0x00000000187bef60, RSI=0x000000001c5bf430, RDI=0x00000000187bef78
R8 =0x0000000000000001, R9 =0x002000001d3d1d30, R10=0x0000000000f00e10, R11=0x000000001cb15b10
R12=0x000000000001e4c0, R13=0x000000000001e4c0, R14=0x00000000187bedf0, R15=0x00000000187bef78
RIP=0x0000000064502645, EFLAGS=0x0000000000010246

Top of Stack: (sp=0x00000000187bed50)
0x00000000187bed50:   0000000000000000 00000000645b0b1f
0x00000000187bed60:   0000000000000000 0000000064c36350
0x00000000187bed70:   0000000000001193 0000000000000000
0x00000000187bed80:   0000000064ac4890 0000000000000000
0x00000000187bed90:   0000000064c36310 0000000064c362c0
0x00000000187beda0:   00000000187beef0 0000000064502739
0x00000000187bedb0:   00000000187bef60 0000000000000004
0x00000000187bedc0:   00000000187bef78 0000000000000000
0x00000000187bedd0:   00000000187bedf0 00000000187bef60
0x00000000187bede0:   0000000000000000 0000000064879ab6
0x00000000187bedf0:   000000000011a9aa 0000000017545420
0x00000000187bee00:   0000000000000000 0000000064ac4890
0x00000000187bee10:   0000000064c362c0 0000000000000019
0x00000000187bee20:   0000000064c362c0 0000000000000019
0x00000000187bee30:   000000000000443c 0000000000003ae3
0x00000000187bee40:   0000000000000c74 0000000000000030 

Instructions: (pc=0x0000000064502645)
0x0000000064502625:   f6 43 08 01 74 0d 83 3d d6 ac 76 00 00 0f 84 83
0x0000000064502635:   00 00 00 4c 8b 4b 10 4c 63 05 8d c6 72 00 33 c0
0x0000000064502645:   41 0f b7 09 85 c9 0f 4f c1 48 63 d0 48 83 c2 0f
0x0000000064502655:   48 c1 ea 03 42 8d 44 02 ff 48 63 d0 41 8d 40 ff 


Register to memory mapping:

RAX=0x0000000000000000 is an unknown value
RBX=0x000000001f075fd0 is an unknown value
RCX=0x000000000000003e is an unknown value
RDX=0x0000000000000009 is an unknown value
RSP=0x00000000187bed50 is an unknown value
RBP=0x00000000187bef60 is an unknown value
RSI=0x000000001c5bf430 is an unknown value
RDI=0x00000000187bef78 is an unknown value
R8 =0x0000000000000001 is an unknown value
R9 =0x002000001d3d1d30 is an unknown value
R10=0x0000000000f00e10 is an unknown value
R11=0x000000001cb15b10 is an unknown value
R12=0x000000000001e4c0 is an unknown value
R13=0x000000000001e4c0 is an unknown value
R14=0x00000000187bedf0 is an unknown value
R15=0x00000000187bef78 is an unknown value


Stack: [0x00000000186c0000,0x00000000187c0000],  sp=0x00000000187bed50,  free space=1019k
Native frames: (J=compiled Java code, j=interpreted, Vv=VM code, C=native code)
V  [jvm.dll+0x52645]
V  [jvm.dll+0x52739]
V  [jvm.dll+0x3c9ab6]
V  [jvm.dll+0x3cadae]
V  [jvm.dll+0x3cb3bb]
V  [jvm.dll+0x8a775]
V  [jvm.dll+0x26539c]
V  [jvm.dll+0x223ac7]
V  [jvm.dll+0x222d82]
V  [jvm.dll+0x223201]
V  [jvm.dll+0x22341e]
V  [jvm.dll+0x26d4aa]
C  [msvcr100.dll+0x21d9f]
C  [msvcr100.dll+0x21e3b]
C  [KERNEL32.DLL+0x16ad]
C  [ntdll.dll+0x74629]

VM_Operation (0x00000000190de670): CollectForMetadataAllocation, mode: safepoint, requested by thread 0x0000000017679800


---------------  P R O C E S S  ---------------

Java Threads: ( => current thread )
  0x000000001cfb3800 JavaThread "Task worker for ':' Thread 3" [_thread_blocked, id=3548, stack(0x00000000276f0000,0x00000000277f0000)]
  0x000000001cfb2800 JavaThread "Task worker for ':' Thread 2" [_thread_blocked, id=180, stack(0x00000000275f0000,0x00000000276f0000)]
  0x000000001cfaf000 JavaThread "Task worker for ':'" [_thread_blocked, id=5788, stack(0x00000000274f0000,0x00000000275f0000)]
  0x000000001cfb2000 JavaThread "Cache worker for Build Output Cleanup Cache (E:\WorkerAppzLatest\master\.gradle\buildOutputCleanup)" [_thread_blocked, id=4528, stack(0x00000000271d0000,0x00000000272d0000)]
  0x000000001cfb1000 JavaThread "Cache worker for task history cache (E:\WorkerAppzLatest\master\.gradle\4.4\taskHistory)" [_thread_blocked, id=5344, stack(0x00000000270d0000,0x00000000271d0000)]
  0x000000001cfad800 JavaThread "build operations Thread 4" [_thread_blocked, id=4612, stack(0x00000000261d0000,0x00000000262d0000)]
  0x000000001cfae000 JavaThread "build operations Thread 3" [_thread_blocked, id=4352, stack(0x0000000025860000,0x0000000025960000)]
  0x000000001cfaf800 JavaThread "build operations Thread 2" [_thread_blocked, id=2772, stack(0x00000000218c0000,0x00000000219c0000)]
  0x000000001cfa9800 JavaThread "build operations" [_thread_blocked, id=4928, stack(0x000000001fda0000,0x000000001fea0000)]
  0x000000001cfac000 JavaThread "Cache worker for Artifact transforms cache (C:\Users\FUSION\.gradle\caches\transforms-1)" [_thread_blocked, id=4140, stack(0x000000001ea30000,0x000000001eb30000)]
  0x000000001cfab000 JavaThread "Cache worker for file hash cache (E:\WorkerAppzLatest\master\.gradle\4.4\fileHashes)" [_thread_blocked, id=6136, stack(0x000000001d560000,0x000000001d660000)]
  0x000000001cfac800 JavaThread "Stdin handler" [_thread_blocked, id=6040, stack(0x000000001c090000,0x000000001c190000)]
  0x000000001cfa8000 JavaThread "Asynchronous log dispatcher for DefaultDaemonConnection: socket connection from /127.0.0.1:49289 to /127.0.0.1:51386" [_thread_blocked, id=4492, stack(0x000000001bf90000,0x000000001c090000)]
  0x000000001cfa7000 JavaThread "Cancel handler" [_thread_blocked, id=5280, stack(0x000000001bd90000,0x000000001be90000)]
  0x000000001cfa6800 JavaThread "Handler for socket connection from /127.0.0.1:49289 to /127.0.0.1:51386" [_thread_in_native, id=2116, stack(0x000000001ba90000,0x000000001bb90000)]
  0x000000001cfa5000 JavaThread "Daemon worker Thread 4" [_thread_blocked, id=6032, stack(0x000000001be90000,0x000000001bf90000)]
  0x000000001cfa5800 JavaThread "Daemon Thread 4" [_thread_blocked, id=4584, stack(0x000000001b990000,0x000000001ba90000)]
  0x000000001e172000 JavaThread "Memory manager" [_thread_blocked, id=2252, stack(0x00000000223a0000,0x00000000224a0000)]
  0x000000001a800800 JavaThread "File lock request listener" [_thread_in_native, id=860, stack(0x000000001c490000,0x000000001c590000)]
  0x000000001a644800 JavaThread "Cache worker for file hash cache (C:\Users\FUSION\.gradle\caches\4.4\fileHashes)" [_thread_blocked, id=3676, stack(0x000000001c390000,0x000000001c490000)]
  0x000000001a7f1000 JavaThread "Daemon periodic checks" [_thread_blocked, id=3260, stack(0x000000001b890000,0x000000001b990000)]
  0x000000001a5ab800 JavaThread "Incoming local TCP Connector on port 49289" [_thread_in_native, id=2640, stack(0x000000001b390000,0x000000001b490000)]
  0x0000000019110800 JavaThread "Service Thread" daemon [_thread_blocked, id=2288, stack(0x00000000194e0000,0x00000000195e0000)]
  0x0000000017679800 JavaThread "C1 CompilerThread2" daemon [_thread_blocked, id=964, stack(0x0000000018fe0000,0x00000000190e0000)]
  0x0000000017672800 JavaThread "C2 CompilerThread1" daemon [_thread_blocked, id=2544, stack(0x0000000018ee0000,0x0000000018fe0000)]
  0x000000001766d800 JavaThread "C2 CompilerThread0" daemon [_thread_blocked, id=2924, stack(0x0000000018de0000,0x0000000018ee0000)]
  0x000000001766c800 JavaThread "Attach Listener" daemon [_thread_blocked, id=3008, stack(0x0000000018ce0000,0x0000000018de0000)]
  0x000000001766b000 JavaThread "Signal Dispatcher" daemon [_thread_blocked, id=1284, stack(0x0000000018be0000,0x0000000018ce0000)]
  0x0000000002a4e800 JavaThread "Finalizer" daemon [_thread_blocked, id=3572, stack(0x00000000188c0000,0x00000000189c0000)]
  0x0000000017636800 JavaThread "Reference Handler" daemon [_thread_blocked, id=1684, stack(0x00000000187c0000,0x00000000188c0000)]
  0x000000000294e800 JavaThread "main" [_thread_blocked, id=1928, stack(0x0000000002810000,0x0000000002910000)]

Other Threads:
=>0x0000000017635000 VMThread [stack: 0x00000000186c0000,0x00000000187c0000] [id=784]
  0x00000000176cc000 WatcherThread [stack: 0x00000000195e0000,0x00000000196e0000] [id=1312]

VM state:at safepoint (normal execution)

VM Mutex/Monitor currently owned by a thread:  ([mutex/lock_event])
[0x000000000294dc60] Threads_lock - owner thread: 0x0000000017635000
[0x000000000294d560] Heap_lock - owner thread: 0x0000000017679800
[0x0000000002950550] MethodData_lock - owner thread: 0x0000000017679800

Heap:
 PSYoungGen      total 245760K, used 17460K [0x00000000d5580000, 0x00000000e7a00000, 0x0000000100000000)
  eden space 216576K, 0% used [0x00000000d5580000,0x00000000d5580000,0x00000000e2900000)
  from space 29184K, 59% used [0x00000000e5d80000,0x00000000e6e8d270,0x00000000e7a00000)
  to   space 41472K, 0% used [0x00000000e2900000,0x00000000e2900000,0x00000000e5180000)
 ParOldGen       total 137728K, used 117370K [0x0000000080000000, 0x0000000088680000, 0x00000000d5580000)
  object space 137728K, 85% used [0x0000000080000000,0x000000008729eb48,0x0000000088680000)
 Metaspace       used 92196K, capacity 98295K, committed 98348K, reserved 1134592K
  class space    used 12270K, capacity 13858K, committed 13868K, reserved 1048576K

Card table byte_map: [0x0000000011e10000,0x0000000012220000] byte_map_base: 0x0000000011a10000

Marking Bits: (ParMarkBitMap*) 0x0000000064c73950
 Begin Bits: [0x00000000128d0000, 0x00000000148d0000)
 End Bits:   [0x00000000148d0000, 0x00000000168d0000)

Polling page: 0x0000000000f20000

CodeCache: size=245760Kb used=46719Kb max_used=46719Kb free=199040Kb
 bounds [0x0000000002a50000, 0x0000000005840000, 0x0000000011a50000]
 total_blobs=13867 nmethods=13068 adapters=711
 compilation: enabled

Compilation events (10 events):
Event: 9969.275 Thread 0x000000001766d800 16155       4       com.sun.org.apache.xerces.internal.dom.NodeImpl::getOwnerDocument (23 bytes)
Event: 9969.276 Thread 0x000000001766d800 nmethod 16155 0x000000000582ddd0 code [0x000000000582df20, 0x000000000582e038]
Event: 9969.276 Thread 0x000000001766d800 16156       4       java.lang.Class::enumConstantDirectory (114 bytes)
Event: 9969.278 Thread 0x0000000017679800 16158       3       com.google.common.collect.ImmutableList::construct (8 bytes)
Event: 9969.279 Thread 0x0000000017679800 nmethod 16158 0x000000000582ff10 code [0x0000000005830100, 0x0000000005830938]
Event: 9969.284 Thread 0x0000000017679800 16159       1       com.android.utils.Pair::getFirst (5 bytes)
Event: 9969.284 Thread 0x0000000017679800 nmethod 16159 0x000000000582fc50 code [0x000000000582fda0, 0x000000000582feb0]
Event: 9969.286 Thread 0x0000000017679800 16160   !   3       com.android.utils.PositionXmlParser$DomBuilder::startElement (272 bytes)
Event: 9969.287 Thread 0x0000000017679800 nmethod 16160 0x0000000005831950 code [0x0000000005831c40, 0x0000000005832f68]
Event: 9969.287 Thread 0x0000000017679800 16162   !   3       com.android.manifmerger.XmlElement::<init> (595 bytes)

GC Heap History (10 events):
Event: 9792.622 GC heap after
Heap after GC invocations=21 (full 3):
 PSYoungGen      total 274944K, used 24055K [0x00000000d5580000, 0x00000000ebc80000, 0x0000000100000000)
  eden space 250880K, 0% used [0x00000000d5580000,0x00000000d5580000,0x00000000e4a80000)
  from space 24064K, 99% used [0x00000000ea500000,0x00000000ebc7dc40,0x00000000ebc80000)
  to   space 41472K, 0% used [0x00000000e6b80000,0x00000000e6b80000,0x00000000e9400000)
 ParOldGen       total 137728K, used 94035K [0x0000000080000000, 0x0000000088680000, 0x00000000d5580000)
  object space 137728K, 68% used [0x0000000080000000,0x0000000085bd4ea8,0x0000000088680000)
 Metaspace       used 87976K, capacity 93419K, committed 93440K, reserved 1130496K
  class space    used 11847K, capacity 13297K, committed 13312K, reserved 1048576K
}
Event: 9795.415 GC heap before
{Heap before GC invocations=22 (full 3):
 PSYoungGen      total 274944K, used 274935K [0x00000000d5580000, 0x00000000ebc80000, 0x0000000100000000)
  eden space 250880K, 100% used [0x00000000d5580000,0x00000000e4a80000,0x00000000e4a80000)
  from space 24064K, 99% used [0x00000000ea500000,0x00000000ebc7dc40,0x00000000ebc80000)
  to   space 41472K, 0% used [0x00000000e6b80000,0x00000000e6b80000,0x00000000e9400000)
 ParOldGen       total 137728K, used 94035K [0x0000000080000000, 0x0000000088680000, 0x00000000d5580000)
  object space 137728K, 68% used [0x0000000080000000,0x0000000085bd4ea8,0x0000000088680000)
 Metaspace       used 88360K, capacity 93881K, committed 94080K, reserved 1130496K
  class space    used 11903K, capacity 13360K, committed 13440K, reserved 1048576K
Event: 9795.449 GC heap after
Heap after GC invocations=22 (full 3):
 PSYoungGen      total 268800K, used 26685K [0x00000000d5580000, 0x00000000ea580000, 0x0000000100000000)
  eden space 241664K, 0% used [0x00000000d5580000,0x00000000d5580000,0x00000000e4180000)
  from space 27136K, 98% used [0x00000000e6b80000,0x00000000e858f758,0x00000000e8600000)
  to   space 32256K, 0% used [0x00000000e8600000,0x00000000e8600000,0x00000000ea580000)
 ParOldGen       total 137728K, used 99285K [0x0000000080000000, 0x0000000088680000, 0x00000000d5580000)
  object space 137728K, 72% used [0x0000000080000000,0x00000000860f56d0,0x0000000088680000)
 Metaspace       used 88360K, capacity 93881K, committed 94080K, reserved 1130496K
  class space    used 11903K, capacity 13360K, committed 13440K, reserved 1048576K
}
Event: 9942.138 GC heap before
{Heap before GC invocations=23 (full 3):
 PSYoungGen      total 268800K, used 268349K [0x00000000d5580000, 0x00000000ea580000, 0x0000000100000000)
  eden space 241664K, 100% used [0x00000000d5580000,0x00000000e4180000,0x00000000e4180000)
  from space 27136K, 98% used [0x00000000e6b80000,0x00000000e858f758,0x00000000e8600000)
  to   space 32256K, 0% used [0x00000000e8600000,0x00000000e8600000,0x00000000ea580000)
 ParOldGen       total 137728K, used 99285K [0x0000000080000000, 0x0000000088680000, 0x00000000d5580000)
  object space 137728K, 72% used [0x0000000080000000,0x00000000860f56d0,0x0000000088680000)
 Metaspace       used 91056K, capacity 97161K, committed 97280K, reserved 1132544K
  class space    used 12139K, capacity 13719K, committed 13824K, reserved 1048576K
Event: 9942.181 GC heap after
Heap after GC invocations=23 (full 3):
 PSYoungGen      total 265216K, used 32237K [0x00000000d5580000, 0x00000000ea580000, 0x0000000100000000)
  eden space 232960K, 0% used [0x00000000d5580000,0x00000000d5580000,0x00000000e3900000)
  from space 32256K, 99% used [0x00000000e8600000,0x00000000ea57b550,0x00000000ea580000)
  to   space 45056K, 0% used [0x00000000e4d80000,0x00000000e4d80000,0x00000000e7980000)
 ParOldGen       total 137728K, used 100220K [0x0000000080000000, 0x0000000088680000, 0x00000000d5580000)
  object space 137728K, 72% used [0x0000000080000000,0x00000000861df398,0x0000000088680000)
 Metaspace       used 91056K, capacity 97161K, committed 97280K, reserved 1132544K
  class space    used 12139K, capacity 13719K, committed 13824K, reserved 1048576K
}
Event: 9952.207 GC heap before
{Heap before GC invocations=24 (full 3):
 PSYoungGen      total 265216K, used 265197K [0x00000000d5580000, 0x00000000ea580000, 0x0000000100000000)
  eden space 232960K, 100% used [0x00000000d5580000,0x00000000e3900000,0x00000000e3900000)
  from space 32256K, 99% used [0x00000000e8600000,0x00000000ea57b550,0x00000000ea580000)
  to   space 45056K, 0% used [0x00000000e4d80000,0x00000000e4d80000,0x00000000e7980000)
 ParOldGen       total 137728K, used 100220K [0x0000000080000000, 0x0000000088680000, 0x00000000d5580000)
  object space 137728K, 72% used [0x0000000080000000,0x00000000861df398,0x0000000088680000)
 Metaspace       used 91133K, capacity 97195K, committed 97536K, reserved 1132544K
  class space    used 12142K, capacity 13724K, committed 13824K, reserved 1048576K
Event: 9952.346 GC heap after
Heap after GC invocations=24 (full 3):
 PSYoungGen      total 241152K, used 15907K [0x00000000d5580000, 0x00000000e8680000, 0x0000000100000000)
  eden space 224768K, 0% used [0x00000000d5580000,0x00000000d5580000,0x00000000e3100000)
  from space 16384K, 97% used [0x00000000e4d80000,0x00000000e5d08df8,0x00000000e5d80000)
  to   space 41984K, 0% used [0x00000000e5d80000,0x00000000e5d80000,0x00000000e8680000)
 ParOldGen       total 137728K, used 117362K [0x0000000080000000, 0x0000000088680000, 0x00000000d5580000)
  object space 137728K, 85% used [0x0000000080000000,0x000000008729cb48,0x0000000088680000)
 Metaspace       used 91133K, capacity 97195K, committed 97536K, reserved 1132544K
  class space    used 12142K, capacity 13724K, committed 13824K, reserved 1048576K
}
Event: 9969.288 GC heap before
{Heap before GC invocations=25 (full 3):
 PSYoungGen      total 241152K, used 234530K [0x00000000d5580000, 0x00000000e8680000, 0x0000000100000000)
  eden space 224768K, 97% used [0x00000000d5580000,0x00000000e2affd18,0x00000000e3100000)
  from space 16384K, 97% used [0x00000000e4d80000,0x00000000e5d08df8,0x00000000e5d80000)
  to   space 41984K, 0% used [0x00000000e5d80000,0x00000000e5d80000,0x00000000e8680000)
 ParOldGen       total 137728K, used 117362K [0x0000000080000000, 0x0000000088680000, 0x00000000d5580000)
  object space 137728K, 85% used [0x0000000080000000,0x000000008729cb48,0x0000000088680000)
 Metaspace       used 92196K, capacity 98295K, committed 98348K, reserved 1134592K
  class space    used 12270K, capacity 13858K, committed 13868K, reserved 1048576K
Event: 9969.310 GC heap after
Heap after GC invocations=25 (full 3):
 PSYoungGen      total 245760K, used 17460K [0x00000000d5580000, 0x00000000e7a00000, 0x0000000100000000)
  eden space 216576K, 0% used [0x00000000d5580000,0x00000000d5580000,0x00000000e2900000)
  from space 29184K, 59% used [0x00000000e5d80000,0x00000000e6e8d270,0x00000000e7a00000)
  to   space 41472K, 0% used [0x00000000e2900000,0x00000000e2900000,0x00000000e5180000)
 ParOldGen       total 137728K, used 117370K [0x0000000080000000, 0x0000000088680000, 0x00000000d5580000)
  object space 137728K, 85% used [0x0000000080000000,0x000000008729eb48,0x0000000088680000)
 Metaspace       used 92196K, capacity 98295K, committed 98348K, reserved 1134592K
  class space    used 12270K, capacity 13858K, committed 13868K, reserved 1048576K
}
Event: 9969.310 GC heap before
{Heap before GC invocations=26 (full 4):
 PSYoungGen      total 245760K, used 17460K [0x00000000d5580000, 0x00000000e7a00000, 0x0000000100000000)
  eden space 216576K, 0% used [0x00000000d5580000,0x00000000d5580000,0x00000000e2900000)
  from space 29184K, 59% used [0x00000000e5d80000,0x00000000e6e8d270,0x00000000e7a00000)
  to   space 41472K, 0% used [0x00000000e2900000,0x00000000e2900000,0x00000000e5180000)
 ParOldGen       total 137728K, used 117370K [0x0000000080000000, 0x0000000088680000, 0x00000000d5580000)
  object space 137728K, 85% used [0x0000000080000000,0x000000008729eb48,0x0000000088680000)
 Metaspace       used 92196K, capacity 98295K, committed 98348K, reserved 1134592K
  class space    used 12270K, capacity 13858K, committed 13868K, reserved 1048576K

Deoptimization events (10 events):
Event: 9968.449 Thread 0x000000001cfa5000 Uncommon trap: reason=unstable_if action=reinterpret pc=0x00000000034c6764 method=com.google.common.cache.LongAdder.add(J)V @ 6
Event: 9968.449 Thread 0x000000001cfaf800 Uncommon trap: reason=unstable_if action=reinterpret pc=0x00000000034c6764 method=com.google.common.cache.LongAdder.add(J)V @ 6
Event: 9968.449 Thread 0x000000001cfa5000 Uncommon trap: reason=unstable_if action=reinterpret pc=0x00000000043a8df0 method=com.google.common.cache.LongAdder.add(J)V @ 6
Event: 9968.449 Thread 0x000000001cfad800 Uncommon trap: reason=unstable_if action=reinterpret pc=0x0000000004466038 method=com.google.common.cache.LongAdder.add(J)V @ 6
Event: 9968.739 Thread 0x000000001cfa5000 Uncommon trap: reason=unstable_if action=reinterpret pc=0x0000000002d40860 method=java.nio.Bits.putInt(Ljava/nio/ByteBuffer;IIZ)V @ 1
Event: 9968.743 Thread 0x000000001cfa5000 Uncommon trap: reason=array_check action=maybe_recompile pc=0x00000000051ac2bc method=java.util.TimSort.reverseRange([Ljava/lang/Object;II)V @ 27
Event: 9968.850 Thread 0x000000001cfaf000 Uncommon trap: reason=array_check action=maybe_recompile pc=0x00000000051ac2bc method=java.util.TimSort.reverseRange([Ljava/lang/Object;II)V @ 27
Event: 9968.947 Thread 0x000000001cfaf000 Uncommon trap: reason=unstable_if action=reinterpret pc=0x00000000047c9a5c method=com.sun.org.apache.xerces.internal.dom.ElementImpl.getAttributes()Lorg/w3c/dom/NamedNodeMap; @ 4
Event: 9968.980 Thread 0x000000001cfa5000 Uncommon trap: reason=class_check action=maybe_recompile pc=0x000000000538f9ac method=org.gradle.api.internal.changedetection.state.ValueSnapshotter.processValue(Ljava/lang/Object;Lorg/gradle/api/internal/changedetection/state/ValueSnapshotStrategy;)Lorg/
Event: 9968.984 Thread 0x000000001cfa5000 Uncommon trap: reason=class_check action=maybe_recompile pc=0x000000000546a748 method=java.nio.file.Files.walkFileTree(Ljava/nio/file/Path;Ljava/util/Set;ILjava/nio/file/FileVisitor;)Ljava/nio/file/Path; @ 144

Classes redefined (0 events):
No events

Internal exceptions (10 events):
Event: 9968.795 Thread 0x000000001cfa5000 Exception <a 'sun/nio/fs/WindowsException'> (0x00000000dfd7e5c0) thrown at [D:\src\AOSP-openjdk-cygwin\jdk8u\hotspot\src\share\vm\prims\jni.cpp, line 709]
Event: 9968.795 Thread 0x000000001cfa5000 Exception <a 'sun/nio/fs/WindowsException'> (0x00000000dfd80648) thrown at [D:\src\AOSP-openjdk-cygwin\jdk8u\hotspot\src\share\vm\prims\jni.cpp, line 709]
Event: 9968.795 Thread 0x000000001cfa5000 Exception <a 'sun/nio/fs/WindowsException'> (0x00000000dfd81160) thrown at [D:\src\AOSP-openjdk-cygwin\jdk8u\hotspot\src\share\vm\prims\jni.cpp, line 709]
Event: 9968.797 Thread 0x000000001cfa5000 Exception <a 'sun/nio/fs/WindowsException'> (0x00000000dfda0b90) thrown at [D:\src\AOSP-openjdk-cygwin\jdk8u\hotspot\src\share\vm\prims\jni.cpp, line 709]
Event: 9968.797 Thread 0x000000001cfa5000 Exception <a 'sun/nio/fs/WindowsException'> (0x00000000dfda1698) thrown at [D:\src\AOSP-openjdk-cygwin\jdk8u\hotspot\src\share\vm\prims\jni.cpp, line 709]
Event: 9968.798 Thread 0x000000001cfa5000 Exception <a 'sun/nio/fs/WindowsException'> (0x00000000dfda3748) thrown at [D:\src\AOSP-openjdk-cygwin\jdk8u\hotspot\src\share\vm\prims\jni.cpp, line 709]
Event: 9968.798 Thread 0x000000001cfa5000 Exception <a 'sun/nio/fs/WindowsException'> (0x00000000dfda4260) thrown at [D:\src\AOSP-openjdk-cygwin\jdk8u\hotspot\src\share\vm\prims\jni.cpp, line 709]
Event: 9968.849 Thread 0x000000001cfaf000 Exception <a 'java/lang/NoSuchMethodError': <clinit>> (0x00000000da26fdc0) thrown at [D:\src\AOSP-openjdk-cygwin\jdk8u\hotspot\src\share\vm\prims\jni.cpp, line 1613]
Event: 9968.851 Thread 0x000000001cfaf000 Exception <a 'java/lang/NoSuchMethodError': <clinit>> (0x00000000da2783b0) thrown at [D:\src\AOSP-openjdk-cygwin\jdk8u\hotspot\src\share\vm\prims\jni.cpp, line 1613]
Event: 9968.984 Thread 0x000000001cfa5000 Exception <a 'sun/nio/fs/WindowsException'> (0x00000000e08200d8) thrown at [D:\src\AOSP-openjdk-cygwin\jdk8u\hotspot\src\share\vm\prims\jni.cpp, line 709]

Events (10 events):
Event: 9969.214 loading class com/android/manifmerger/XmlNode$NodeKey done
Event: 9969.215 loading class com/android/manifmerger/XmlNode$NodeName
Event: 9969.215 loading class com/android/manifmerger/XmlNode$NodeName done
Event: 9969.215 loading class com/android/manifmerger/XmlNode$NodeName
Event: 9969.215 loading class com/android/manifmerger/XmlNode$NodeName done
Event: 9969.239 loading class com/android/manifmerger/Selector
Event: 9969.239 loading class com/android/manifmerger/Selector done
Event: 9969.288 Thread 0x000000001cfaf000 DEOPT PACKING pc=0x00000000058128d1 sp=0x00000000275ecc80
Event: 9969.288 Thread 0x000000001cfaf000 DEOPT UNPACKING pc=0x0000000002a975bf sp=0x00000000275ec9e8 mode 0
Event: 9969.288 Executing VM operation: CollectForMetadataAllocation


Dynamic libraries:
0x00007ff689ce0000 - 0x00007ff689d11000 	D:\chintan soni\Studio 2.3\jre\bin\java.exe
0x00007ffd4efd0000 - 0x00007ffd4f17a000 	C:\Windows\SYSTEM32\ntdll.dll
0x00007ffd4cbc0000 - 0x00007ffd4ccfa000 	C:\Windows\system32\KERNEL32.DLL
0x00007ffd4c510000 - 0x00007ffd4c61f000 	C:\Windows\system32\KERNELBASE.dll
0x00007ffd4d420000 - 0x00007ffd4d4c5000 	C:\Windows\system32\ADVAPI32.dll
0x00007ffd4cd60000 - 0x00007ffd4ced1000 	C:\Windows\system32\USER32.dll
0x00007ffd4a3c0000 - 0x00007ffd4a61a000 	C:\Windows\WinSxS\amd64_microsoft.windows.common-controls_6595b64144ccf1df_6.0.9600.17031_none_6242a4b3ecbb55a1\COMCTL32.dll
0x00007ffd4cfa0000 - 0x00007ffd4d047000 	C:\Windows\system32\msvcrt.dll
0x00007ffd4d950000 - 0x00007ffd4d9a7000 	C:\Windows\SYSTEM32\sechost.dll
0x00007ffd4d610000 - 0x00007ffd4d746000 	C:\Windows\system32\RPCRT4.dll
0x00007ffd4da60000 - 0x00007ffd4dba5000 	C:\Windows\system32\GDI32.dll
0x00007ffd4cb80000 - 0x00007ffd4cbb4000 	C:\Windows\system32\IMM32.DLL
0x00007ffd4d4d0000 - 0x00007ffd4d609000 	C:\Windows\system32\MSCTF.dll
0x0000000064d00000 - 0x0000000064dd2000 	D:\chintan soni\Studio 2.3\jre\jre\bin\msvcr100.dll
0x00000000644b0000 - 0x0000000064cee000 	D:\chintan soni\Studio 2.3\jre\jre\bin\server\jvm.dll
0x00007ffd455b0000 - 0x00007ffd455b9000 	C:\Windows\SYSTEM32\WSOCK32.dll
0x00007ffd41530000 - 0x00007ffd4154f000 	C:\Windows\SYSTEM32\WINMM.dll
0x00007ffd45ac0000 - 0x00007ffd45aca000 	C:\Windows\SYSTEM32\VERSION.dll
0x00007ffd4d1d0000 - 0x00007ffd4d1d7000 	C:\Windows\system32\PSAPI.DLL
0x00007ffd4cd00000 - 0x00007ffd4cd58000 	C:\Windows\system32\WS2_32.dll
0x00007ffd41500000 - 0x00007ffd4152a000 	C:\Windows\SYSTEM32\WINMMBASE.dll
0x00007ffd4cf90000 - 0x00007ffd4cf99000 	C:\Windows\system32\NSI.dll
0x00007ffd4c800000 - 0x00007ffd4c84a000 	C:\Windows\SYSTEM32\cfgmgr32.dll
0x00007ffd4b1c0000 - 0x00007ffd4b1e6000 	C:\Windows\SYSTEM32\DEVOBJ.dll
0x00007ffd48160000 - 0x00007ffd4816f000 	D:\chintan soni\Studio 2.3\jre\jre\bin\verify.dll
0x00007ffd41f80000 - 0x00007ffd41fa9000 	D:\chintan soni\Studio 2.3\jre\jre\bin\java.dll
0x00007ffd47f30000 - 0x00007ffd47f46000 	D:\chintan soni\Studio 2.3\jre\jre\bin\zip.dll
0x00007ffd4dbb0000 - 0x00007ffd4efc7000 	C:\Windows\system32\SHELL32.dll
0x00007ffd4d240000 - 0x00007ffd4d416000 	C:\Windows\SYSTEM32\combase.dll
0x00007ffd4d1e0000 - 0x00007ffd4d231000 	C:\Windows\system32\SHLWAPI.dll
0x00007ffd4acd0000 - 0x00007ffd4ad6f000 	C:\Windows\SYSTEM32\SHCORE.dll
0x00007ffd4c340000 - 0x00007ffd4c354000 	C:\Windows\SYSTEM32\profapi.dll
0x00007ffd47ef0000 - 0x00007ffd47f0a000 	D:\chintan soni\Studio 2.3\jre\jre\bin\net.dll
0x00007ffd4bba0000 - 0x00007ffd4bbf8000 	C:\Windows\system32\mswsock.dll
0x00007ffd43b90000 - 0x00007ffd43ba1000 	D:\chintan soni\Studio 2.3\jre\jre\bin\nio.dll
0x00007ffd41f60000 - 0x00007ffd41f7e000 	C:\Users\FUSION\.gradle\native\25\windows-amd64\native-platform.dll
0x00007ffd44ae0000 - 0x00007ffd44aed000 	D:\chintan soni\Studio 2.3\jre\jre\bin\management.dll
0x00007ffd4bc00000 - 0x00007ffd4bc1e000 	C:\Windows\SYSTEM32\CRYPTSP.dll
0x00007ffd4b840000 - 0x00007ffd4b875000 	C:\Windows\system32\rsaenh.dll
0x00007ffd4be30000 - 0x00007ffd4be56000 	C:\Windows\SYSTEM32\bcrypt.dll
0x00007ffd4b950000 - 0x00007ffd4b96e000 	C:\Windows\SYSTEM32\USERENV.dll
0x00007ffd4c150000 - 0x00007ffd4c1b0000 	C:\Windows\system32\bcryptprimitives.dll
0x00007ffd4c1b0000 - 0x00007ffd4c1ba000 	C:\Windows\SYSTEM32\CRYPTBASE.dll
0x00007ffd47020000 - 0x00007ffd47049000 	C:\Windows\SYSTEM32\IPHLPAPI.DLL
0x00007ffd46e30000 - 0x00007ffd46e3a000 	C:\Windows\SYSTEM32\WINNSI.DLL
0x00007ffd46cb0000 - 0x00007ffd46cc4000 	C:\Windows\SYSTEM32\dhcpcsvc6.DLL
0x00007ffd46c90000 - 0x00007ffd46ca9000 	C:\Windows\SYSTEM32\dhcpcsvc.DLL
0x00007ffd39d70000 - 0x00007ffd39ef8000 	C:\Windows\SYSTEM32\dbghelp.dll

VM Arguments:
jvm_args: -Xmx1536m -Dfile.encoding=utf-8 -Duser.country=US -Duser.language=en -Duser.variant -Xmx2048M 
java_command: org.gradle.launcher.daemon.bootstrap.GradleDaemon 4.4
java_class_path (initial): C:\Users\FUSION\.gradle\wrapper\dists\gradle-4.4-all\9br9xq1tocpiv8o6njlyu5op1\gradle-4.4\lib\gradle-launcher-4.4.jar
Launcher Type: SUN_STANDARD

Environment Variables:
_JAVA_OPTIONS=-Xmx2048M
PATH=C:\Program Files (x86)\Common Files\Oracle\Java\javapath;C:\ProgramData\Oracle\Java\javapath;C:\Program Files (x86)\Intel\iCLS Client\;C:\Program Files\Intel\iCLS Client\;C:\Windows\system32;C:\Windows;C:\Windows\System32\Wbem;C:\Windows\System32\WindowsPowerShell\v1.0\;C:\Program Files\Intel\Intel(R) Management Engine Components\DAL;C:\Program Files\Intel\Intel(R) Management Engine Components\IPT;C:\Program Files (x86)\Intel\Intel(R) Management Engine Components\DAL;C:\Program Files (x86)\Intel\Intel(R) Management Engine Components\IPT;C:\Program Files\Java\jdk1.8.0_111\bin;C:\Program Files\Java\jre1.8.0_111\bin
USERNAME=FUSION
OS=Windows_NT
PROCESSOR_IDENTIFIER=Intel64 Family 6 Model 60 Stepping 3, GenuineIntel



---------------  S Y S T E M  ---------------

OS: Windows 8.1 , 64 bit Build 9600 (6.3.9600.17056)

CPU:total 4 (initial active 4) (2 cores per cpu, 2 threads per core) family 6 model 60 stepping 3, cmov, cx8, fxsr, mmx, sse, sse2, sse3, ssse3, sse4.1, sse4.2, popcnt, avx, avx2, aes, clmul, erms, lzcnt, ht, tsc, tscinvbit, bmi1, bmi2

Memory: 4k page, physical 8257564k(3280388k free), swap 17170460k(11931412k free)

vm_info: OpenJDK 64-Bit Server VM (25.152-b01) for windows-amd64 JRE (1.8.0_152-release-915-b01), built by "builder" with MS VC++ 10.0 (VS2010)

time: Thu Jun 21 12:52:14 2018
elapsed time: 9969 seconds (0d 2h 46m 9s)

